
=== Mon May 31 16:37:43 2021

Packages were changed.
Update Mode: mergeDefaultDependencies

The following packages were added:
  com.unity.visualscripting@1.6.1

=== Wed Apr 27 14:33:20 2022

Packages were changed.
Update Mode: updateDependencies

The following packages were updated:
  com.unity.2d.animation from version 6.0.3 to 7.0.4
  com.unity.2d.pixel-perfect from version 5.0.0 to 5.0.1
  com.unity.2d.psdimporter from version 5.0.3 to 6.0.3
  com.unity.2d.spriteshape from version 6.0.0 to 7.0.4
  com.unity.collab-proxy from version 1.5.7 to 1.15.15
  com.unity.ide.rider from version 3.0.6 to 3.0.13
  com.unity.ide.visualstudio from version 2.0.8 to 2.0.14
  com.unity.ide.vscode from version 1.2.3 to 1.2.5
  com.unity.test-framework from version 1.1.24 to 1.1.31
  com.unity.timeline from version 1.5.5 to 1.6.4
  com.unity.visualscripting from version 1.6.1 to 1.7.6
